#
# A fatal error has been detected by the Java Runtime Environment:
#
#  SIGSEGV (0xb) at pc=0x00007f8bef3adf4c, pid=15195, tid=140238819161856
#
# JRE version: 6.0_24-b24
# Java VM: OpenJDK 64-Bit Server VM (20.0-b12 mixed mode linux-amd64 compressed oops)
# Derivative: IcedTea6 1.11.1
# Distribution: Ubuntu precise (development branch), package 6b24-1.11.1-4ubuntu2
# Problematic frame:
# V  [libjvm.so+0x61df4c]  LShiftLNode::Ideal(PhaseGVN*, bool)+0x2c
#
# If you would like to submit a bug report, please include
# instructions how to reproduce the bug and visit:
#   https://bugs.launchpad.net/ubuntu/+source/openjdk-6/
#

---------------  T H R E A D  ---------------

Current thread (0x00007f8be8095000):  JavaThread "C2 CompilerThread0" daemon [_thread_in_native, id=15214, stack(0x00007f8be4eff000,0x00007f8be5000000)]

siginfo:si_signo=SIGSEGV: si_errno=0, si_code=1 (SEGV_MAPERR), si_addr=0x00007f8b7047fc68

Registers:
RAX=0x00007f8bef8e8630, RBX=0x00007f8be4ffd420, RCX=0x00007f8bf054d2c0, RDX=0x00007f8bc45322b0
RSP=0x00007f8be4ffc480, RBP=0x00007f8be4ffc4d0, RSI=0x00007f8be4ffd420, RDI=0x00007f8bc4532280
R8 =0x0000000000000000, R9 =0xffffffff80000000, R10=0x0000000000000000, R11=0x00007f8be80e0650
R12=0x00007f8be4ffd420, R13=0x00007f8bc45314a0, R14=0x00007f8bc4532280, R15=0x0000000000000000
RIP=0x00007f8bef3adf4c, EFLAGS=0x0000000000010206, CSGSFS=0x0000000000000033, ERR=0x0000000000000006
  TRAPNO=0x000000000000000e

Top of Stack: (sp=0x00007f8be4ffc480)
0x00007f8be4ffc480:   00007f8bc4532280 0000000000000000
0x00007f8be4ffc490:   00007f8bc4532238 00007f8bc5cc94f0
0x00007f8be4ffc4a0:   00007f8be4ffc500 00007f8bc4532280
0x00007f8be4ffc4b0:   00007f8be4ffd420 00007f8bc45314a0
0x00007f8be4ffc4c0:   00007f8bc4532280 00007f8bc4532238
0x00007f8be4ffc4d0:   00007f8be4ffc500 00007f8bef4176d9
0x00007f8be4ffc4e0:   00007f8be4ffc7f0 00007f8bef4177e0
0x00007f8be4ffc4f0:   00007f8bc45314a0 00007f8bc4532280
0x00007f8be4ffc500:   00007f8be4ffc560 00007f8bef1df69c
0x00007f8be4ffc510:   00007f8bc4531b48 00007f8bc5cc94f0
0x00007f8be4ffc520:   00007f8bc0b61248 00007f8bc45320e8
0x00007f8be4ffc530:   00007f8be4ffc560 00007f8be4ffc7f0
0x00007f8be4ffc540:   00007f8bc4530cc8 00007f8be4ffc628
0x00007f8be4ffc550:   00007f8bc45314a0 00007f8be805c180
0x00007f8be4ffc560:   00007f8be4ffc5f0 00007f8bef3fd3d5
0x00007f8be4ffc570:   00007f8be4ffc5d0 00007f8bef17f9ce
0x00007f8be4ffc580:   00007f8bc4531a30 00000005c0b63b48
0x00007f8be4ffc590:   00007f8be805c280 00007f8bef4177e0
0x00007f8be4ffc5a0:   00007f8be4ffc7f0 00007f8bc45307d0
0x00007f8be4ffc5b0:   00007f8b00000002 00007f8be873b2a0
0x00007f8be4ffc5c0:   0000000000001ca0 00007f8be4ffc7f0
0x00007f8be4ffc5d0:   0000000000000005 00007f8be4ffdff0
0x00007f8be4ffc5e0:   00007f8be4ffc8d0 0000000000000001
0x00007f8be4ffc5f0:   00007f8be4ffc660 00007f8bef3fd63b
0x00007f8be4ffc600:   00007f8be4ffc630 00007f8beefc071e
0x00007f8be4ffc610:   00007f8be4ffc630 00007f8bc4530d58
0x00007f8be4ffc620:   00007f8be4ffd420 00007f8be805baa0
0x00007f8be4ffc630:   00007f8be4ffc660 00007f8be4ffc7f0
0x00007f8be4ffc640:   0000000000000000 00007f8be4ffdff0
0x00007f8be4ffc650:   00007f8be4ffc8d0 0000000000000001
0x00007f8be4ffc660:   00007f8be4ffc710 00007f8bef40477f
0x00007f8be4ffc670:   00007f8be4ffc6b0 00007f8bef382930 

Instructions: (pc=0x00007f8bef3adf4c)
0x00007f8bef3adf2c:   48 89 f3 4c 89 7d f8 4c 89 65 e0 45 31 ff 4c 89
0x00007f8bef3adf3c:   6d e8 48 83 ec 50 48 8b 57 08 49 89 fe 48 8b 42
0x00007f8bef3adf4c:   10 8b 48 28 48 8b 46 48 48 8b 04 c8 48 8b 0d 91
0x00007f8bef3adf5c:   17 56 00 48 39 01 74 06 83 78 10 03 74 1e 4c 89 

Register to memory mapping:

RAX=0x00007f8bef8e8630: _ZTV11LShiftLNode+0x10 in /usr/lib/jvm/java-6-openjdk-amd64/jre/lib/amd64/server/libjvm.so at 0x00007f8beed90000
RBX=0x00007f8be4ffd420 is pointing into the stack for thread: 0x00007f8be8095000
RCX=0x00007f8bf054d2c0: <offset 0x2182c0> in /lib/x86_64-linux-gnu/libpthread.so.0 at 0x00007f8bf0335000
RDX=0x00007f8bc45322b0 is an unknown value
RSP=0x00007f8be4ffc480 is pointing into the stack for thread: 0x00007f8be8095000
RBP=0x00007f8be4ffc4d0 is pointing into the stack for thread: 0x00007f8be8095000
RSI=0x00007f8be4ffd420 is pointing into the stack for thread: 0x00007f8be8095000
RDI=0x00007f8bc4532280 is an unknown value
R8 =0x0000000000000000 is an unknown value
R9 =0xffffffff80000000 is an unknown value
R10=0x0000000000000000 is an unknown value
R11=0x00007f8be80e0650 is an unknown value
R12=0x00007f8be4ffd420 is pointing into the stack for thread: 0x00007f8be8095000
R13=0x00007f8bc45314a0 is an unknown value
R14=0x00007f8bc4532280 is an unknown value
R15=0x0000000000000000 is an unknown value


Stack: [0x00007f8be4eff000,0x00007f8be5000000],  sp=0x00007f8be4ffc480,  free space=1013k
Native frames: (J=compiled Java code, j=interpreted, Vv=VM code, C=native code)
V  [libjvm.so+0x61df4c]  LShiftLNode::Ideal(PhaseGVN*, bool)+0x2c
V  [libjvm.so+0x6876d9]  PhaseGVN::transform_no_reclaim(Node*)+0x29
V  [libjvm.so+0x44f69c]  GraphKit::array_element_address(Node*, Node*, BasicType, TypeInt const*)+0x1cc
V  [libjvm.so+0x66d3d5]  Parse::array_addressing(BasicType, int, Type const**)+0x365
V  [libjvm.so+0x66d63b]  Parse::array_load(BasicType)+0x3b
V  [libjvm.so+0x67477f]  Parse::do_one_bytecode()+0x14bf
V  [libjvm.so+0x66bb82]  Parse::do_one_block()+0x172
V  [libjvm.so+0x66bd27]  Parse::do_all_blocks()+0xf7
V  [libjvm.so+0x66ce9b]  Parse::Parse(JVMState*, ciMethod*, float)+0x101b
V  [libjvm.so+0x3069b5]  ParseGenerator::generate(JVMState*)+0x75
V  [libjvm.so+0x3fb338]  Parse::do_call()+0x178
V  [libjvm.so+0x676f2c]  Parse::do_one_bytecode()+0x3c6c
V  [libjvm.so+0x66bb82]  Parse::do_one_block()+0x172
V  [libjvm.so+0x66bd27]  Parse::do_all_blocks()+0xf7
V  [libjvm.so+0x66ce9b]  Parse::Parse(JVMState*, ciMethod*, float)+0x101b
V  [libjvm.so+0x3069b5]  ParseGenerator::generate(JVMState*)+0x75
V  [libjvm.so+0x3fb338]  Parse::do_call()+0x178
V  [libjvm.so+0x676f2c]  Parse::do_one_bytecode()+0x3c6c
V  [libjvm.so+0x66bb82]  Parse::do_one_block()+0x172
V  [libjvm.so+0x66bd27]  Parse::do_all_blocks()+0xf7
V  [libjvm.so+0x66ce9b]  Parse::Parse(JVMState*, ciMethod*, float)+0x101b
V  [libjvm.so+0x3069b5]  ParseGenerator::generate(JVMState*)+0x75
V  [libjvm.so+0x3fb338]  Parse::do_call()+0x178
V  [libjvm.so+0x676f2c]  Parse::do_one_bytecode()+0x3c6c
V  [libjvm.so+0x66bb82]  Parse::do_one_block()+0x172
V  [libjvm.so+0x66bd27]  Parse::do_all_blocks()+0xf7
V  [libjvm.so+0x66ce9b]  Parse::Parse(JVMState*, ciMethod*, float)+0x101b
V  [libjvm.so+0x3069b5]  ParseGenerator::generate(JVMState*)+0x75
V  [libjvm.so+0x37ca0d]  Compile::Compile(ciEnv*, C2Compiler*, ciMethod*, int, bool, bool)+0x9dd
V  [libjvm.so+0x306370]  C2Compiler::compile_method(ciEnv*, ciMethod*, int)+0xe0
V  [libjvm.so+0x3811f3]  CompileBroker::invoke_compiler_on_method(CompileTask*)+0x2a3
V  [libjvm.so+0x381b3b]  CompileBroker::compiler_thread_loop()+0x45b
V  [libjvm.so+0x74bd48]  JavaThread::thread_main_inner()+0x58
V  [libjvm.so+0x64bcb2]  java_start(Thread*)+0x112


Current CompileTask:
C2:  28146 666      org.sonatype.guice.bean.reflect.FileEntryIterator.toFile(Ljava/net/URL;)Ljava/io/File; (120 bytes)


---------------  P R O C E S S  ---------------

Java Threads: ( => current thread )
  0x00007f8be85e5800 JavaThread "resolver-4" daemon [_thread_blocked, id=15246, stack(0x00007f8be4259000,0x00007f8be435a000)]
  0x00007f8be8745000 JavaThread "resolver-3" daemon [_thread_blocked, id=15245, stack(0x00007f8be497b000,0x00007f8be4a7c000)]
  0x00007f8be856b000 JavaThread "resolver-2" daemon [_thread_blocked, id=15244, stack(0x00007f8be445b000,0x00007f8be455c000)]
  0x00007f8be876d000 JavaThread "resolver-1" daemon [_thread_blocked, id=15243, stack(0x00007f8be435a000,0x00007f8be445b000)]
  0x00007f8be81c8800 JavaThread "com.google.inject.internal.util.$Finalizer" daemon [_thread_blocked, id=15218, stack(0x00007f8be4a7c000,0x00007f8be4b7d000)]
  0x00007f8be809a000 JavaThread "Low Memory Detector" daemon [_thread_blocked, id=15216, stack(0x00007f8be4cfd000,0x00007f8be4dfe000)]
  0x00007f8be8098000 JavaThread "C2 CompilerThread1" daemon [_thread_blocked, id=15215, stack(0x00007f8be4dfe000,0x00007f8be4eff000)]
=>0x00007f8be8095000 JavaThread "C2 CompilerThread0" daemon [_thread_in_native, id=15214, stack(0x00007f8be4eff000,0x00007f8be5000000)]
  0x00007f8be8086800 JavaThread "Signal Dispatcher" daemon [_thread_blocked, id=15213, stack(0x00007f8bec0d0000,0x00007f8bec1d1000)]
  0x00007f8be8074800 JavaThread "Finalizer" daemon [_thread_blocked, id=15212, stack(0x00007f8bec722000,0x00007f8bec823000)]
  0x00007f8be8072800 JavaThread "Reference Handler" daemon [_thread_blocked, id=15211, stack(0x00007f8bec823000,0x00007f8bec924000)]
  0x00007f8be8008000 JavaThread "main" [_thread_in_Java, id=15207, stack(0x00007f8bf064d000,0x00007f8bf074e000)]

Other Threads:
  0x00007f8be806b800 VMThread [stack: 0x00007f8bec924000,0x00007f8beca25000] [id=15210]
  0x00007f8be809c800 WatcherThread [stack: 0x00007f8be4bfc000,0x00007f8be4cfd000] [id=15217]

VM state:not at safepoint (normal execution)

VM Mutex/Monitor currently owned by a thread: None

Heap
 PSYoungGen      total 150336K, used 59325K [0x00000000eb600000, 0x00000000f7760000, 0x0000000100000000)
  eden space 148672K, 38% used [0x00000000eb600000,0x00000000eee57608,0x00000000f4730000)
  from space 1664K, 98% used [0x00000000f75c0000,0x00000000f7758030,0x00000000f7760000)
  to   space 22272K, 0% used [0x00000000f4be0000,0x00000000f4be0000,0x00000000f61a0000)
 PSOldGen        total 60672K, used 29167K [0x00000000c2200000, 0x00000000c5d40000, 0x00000000eb600000)
  object space 60672K, 48% used [0x00000000c2200000,0x00000000c3e7bc80,0x00000000c5d40000)
 PSPermGen       total 46144K, used 28342K [0x00000000b7c00000, 0x00000000ba910000, 0x00000000c2200000)
  object space 46144K, 61% used [0x00000000b7c00000,0x00000000b97adb08,0x00000000ba910000)

Code Cache  [0x00007f8be5000000, 0x00007f8be53a0000, 0x00007f8be8000000)
 total_blobs=944 nmethods=649 adapters=249 free_code_cache=46617280 largest_free_block=20992

Dynamic libraries:
00400000-00409000 r-xp 00000000 08:01 2506964                            /usr/lib/jvm/java-6-openjdk-amd64/jre/bin/java
00608000-00609000 r--p 00008000 08:01 2506964                            /usr/lib/jvm/java-6-openjdk-amd64/jre/bin/java
00609000-0060a000 rw-p 00009000 08:01 2506964                            /usr/lib/jvm/java-6-openjdk-amd64/jre/bin/java
0158a000-015ab000 rw-p 00000000 00:00 0                                  [heap]
b7c00000-ba910000 rw-p 00000000 00:00 0 
ba910000-c2200000 rw-p 00000000 00:00 0 
c2200000-c5d40000 rw-p 00000000 00:00 0 
c5d40000-eb600000 rw-p 00000000 00:00 0 
eb600000-f7760000 rw-p 00000000 00:00 0 
f7760000-f8bc0000 ---p 00000000 00:00 0 
f8bc0000-100000000 rw-p 00000000 00:00 0 
7f8ba8000000-7f8ba8021000 rw-p 00000000 00:00 0 
7f8ba8021000-7f8bac000000 ---p 00000000 00:00 0 
7f8bac000000-7f8bac021000 rw-p 00000000 00:00 0 
7f8bac021000-7f8bb0000000 ---p 00000000 00:00 0 
7f8bb0000000-7f8bb0021000 rw-p 00000000 00:00 0 
7f8bb0021000-7f8bb4000000 ---p 00000000 00:00 0 
7f8bb4000000-7f8bb4021000 rw-p 00000000 00:00 0 
7f8bb4021000-7f8bb8000000 ---p 00000000 00:00 0 
7f8bb8000000-7f8bb8021000 rw-p 00000000 00:00 0 
7f8bb8021000-7f8bbc000000 ---p 00000000 00:00 0 
7f8bbc000000-7f8bbc021000 rw-p 00000000 00:00 0 
7f8bbc021000-7f8bc0000000 ---p 00000000 00:00 0 
7f8bc0000000-7f8bc3fc9000 rw-p 00000000 00:00 0 
7f8bc3fc9000-7f8bc4000000 ---p 00000000 00:00 0 
7f8bc4000000-7f8bc6276000 rw-p 00000000 00:00 0 
7f8bc6276000-7f8bc8000000 ---p 00000000 00:00 0 
7f8bc8000000-7f8bc8021000 rw-p 00000000 00:00 0 
7f8bc8021000-7f8bcc000000 ---p 00000000 00:00 0 
7f8bcc000000-7f8bcc021000 rw-p 00000000 00:00 0 
7f8bcc021000-7f8bd0000000 ---p 00000000 00:00 0 
7f8bd0000000-7f8bd0021000 rw-p 00000000 00:00 0 
7f8bd0021000-7f8bd4000000 ---p 00000000 00:00 0 
7f8bd4000000-7f8bd4021000 rw-p 00000000 00:00 0 
7f8bd4021000-7f8bd8000000 ---p 00000000 00:00 0 
7f8bd8000000-7f8bd803e000 rw-p 00000000 00:00 0 
7f8bd803e000-7f8bdc000000 ---p 00000000 00:00 0 
7f8bdfce5000-7f8bdfce6000 r--s 00002000 08:01 2368881                    /home/alex/.m2/repository/org/codehaus/plexus/plexus-io/1.0-alpha-1/plexus-io-1.0-alpha-1.jar
7f8bdfce6000-7f8bdfcea000 r--s 00023000 08:01 2368876                    /home/alex/.m2/repository/org/codehaus/plexus/plexus-archiver/1.0-alpha-9/plexus-archiver-1.0-alpha-9.jar
7f8bdfcea000-7f8bdfcee000 r--s 00026000 08:01 2368868                    /home/alex/.m2/repository/com/thoughtworks/qdox/qdox/1.9.2/qdox-1.9.2.jar
7f8bdfcee000-7f8bdfcf5000 r--s 00053000 08:01 2368866                    /home/alex/.m2/repository/log4j/log4j/1.2.14/log4j-1.2.14.jar
7f8bdfcf5000-7f8bdfcf7000 r--s 0000d000 08:01 2239579                    /home/alex/.m2/repository/commons-logging/commons-logging/1.1.1/commons-logging-1.1.1.jar
7f8bdfcf7000-7f8bdfcfd000 r--s 00045000 08:01 2368862                    /home/alex/.m2/repository/commons-httpclient/commons-httpclient/3.1/commons-httpclient-3.1.jar
7f8bdfcfd000-7f8bdfd00000 ---p 00000000 00:00 0 
7f8bdfd00000-7f8bdfdfe000 rw-p 00000000 00:00 0 
7f8bdfdfe000-7f8bdfe01000 ---p 00000000 00:00 0 
7f8bdfe01000-7f8bdfeff000 rw-p 00000000 00:00 0 
7f8bdfeff000-7f8bdff02000 ---p 00000000 00:00 0 
7f8bdff02000-7f8be0000000 rw-p 00000000 00:00 0 
7f8be0000000-7f8be0021000 rw-p 00000000 00:00 0 
7f8be0021000-7f8be4000000 ---p 00000000 00:00 0 
7f8be4000000-7f8be4002000 r--s 00006000 08:01 2368865                    /home/alex/.m2/repository/commons-codec/commons-codec/1.2/commons-codec-1.2.jar
7f8be4002000-7f8be4006000 r--s 0003c000 08:01 2368861                    /home/alex/.m2/repository/commons-lang/commons-lang/2.4/commons-lang-2.4.jar
7f8be4006000-7f8be4008000 r--s 00004000 08:01 2368857                    /home/alex/.m2/repository/org/apache/maven/doxia/doxia-module-xhtml/1.0/doxia-module-xhtml-1.0.jar
7f8be4008000-7f8be4009000 r--s 00006000 08:01 2368854                    /home/alex/.m2/repository/org/apache/maven/doxia/doxia-module-xdoc/1.0/doxia-module-xdoc-1.0.jar
7f8be4009000-7f8be400a000 r--s 00004000 08:01 2368851                    /home/alex/.m2/repository/org/apache/maven/doxia/doxia-module-fml/1.0/doxia-module-fml-1.0.jar
7f8be400a000-7f8be400c000 r--s 0000a000 08:01 2368849                    /home/alex/.m2/repository/org/apache/maven/doxia/doxia-module-apt/1.0/doxia-module-apt-1.0.jar
7f8be400c000-7f8be4019000 r--s 0007f000 08:01 2368845                    /home/alex/.m2/repository/commons-collections/commons-collections/3.2/commons-collections-3.2.jar
7f8be4019000-7f8be401a000 r--s 0000b000 08:01 2368846                    /home/alex/.m2/repository/org/apache/maven/doxia/doxia-decoration-model/1.0/doxia-decoration-model-1.0.jar
7f8be401a000-7f8be401c000 r--s 0000e000 08:01 2368842                    /home/alex/.m2/repository/oro/oro/2.0.8/oro-2.0.8.jar
7f8be401c000-7f8be4024000 r--s 00058000 08:01 2368841                    /home/alex/.m2/repository/org/apache/velocity/velocity/1.5/velocity-1.5.jar
7f8be4024000-7f8be4025000 r--s 00001000 08:01 2368840                    /home/alex/.m2/repository/org/codehaus/plexus/plexus-velocity/1.1.7/plexus-velocity-1.1.7.jar
7f8be4025000-7f8be4026000 r--s 00002000 08:01 2368836                    /home/alex/.m2/repository/org/codehaus/plexus/plexus-i18n/1.0-beta-7/plexus-i18n-1.0-beta-7.jar
7f8be4026000-7f8be4029000 r--s 0000b000 08:01 2368828                    /home/alex/.m2/repository/org/apache/maven/doxia/doxia-core/1.0/doxia-core-1.0.jar
7f8be4029000-7f8be402b000 r--s 0000a000 08:01 2368824                    /home/alex/.m2/repository/org/apache/maven/doxia/doxia-site-renderer/1.0/doxia-site-renderer-1.0.jar
7f8be402b000-7f8be402c000 r--s 00002000 08:01 2368820                    /home/alex/.m2/repository/org/apache/maven/doxia/doxia-sink-api/1.0/doxia-sink-api-1.0.jar
7f8be402c000-7f8be402d000 r--s 00006000 08:01 2368823                    /home/alex/.m2/repository/org/apache/maven/shared/maven-invoker/2.0.9/maven-invoker-2.0.9.jar
7f8be402d000-7f8be402f000 r--s 00003000 08:01 2368822                    /home/alex/.m2/repository/org/apache/maven/maven-archiver/2.3/maven-archiver-2.3.jar
7f8be402f000-7f8be4030000 r--s 00002000 08:01 2368816                    /home/alex/.m2/repository/org/apache/maven/reporting/maven-reporting-api/3.0/maven-reporting-api-3.0.jar
7f8be4030000-7f8be4033000 r--s 00044000 08:01 2238759                    /home/alex/.m2/repository/org/apache/maven/plugins/maven-javadoc-plugin/2.8/maven-javadoc-plugin-2.8.jar
7f8be4033000-7f8be4036000 r--s 0000a000 08:01 2368078                    /home/alex/.m2/repository/org/codehaus/plexus/plexus-io/1.0/plexus-io-1.0.jar
7f8be4036000-7f8be403a000 r--s 00028000 08:01 2368077                    /home/alex/.m2/repository/org/codehaus/plexus/plexus-archiver/1.0/plexus-archiver-1.0.jar
7f8be403a000-7f8be403e000 r--s 00034000 08:01 2240295                    /home/alex/.m2/repository/org/codehaus/plexus/plexus-utils/1.5.15/plexus-utils-1.5.15.jar
7f8be403e000-7f8be403f000 r--s 00006000 08:01 2240276                    /home/alex/.m2/repository/org/apache/maven/plugins/maven-jarsigner-plugin/1.2/maven-jarsigner-plugin-1.2.jar
7f8be403f000-7f8be4044000 r--s 0003d000 08:01 2368041                    /home/alex/.m2/repository/org/codehaus/plexus/plexus-utils/1.5.8/plexus-utils-1.5.8.jar
7f8be4044000-7f8be4045000 r--s 00007000 08:01 1987276                    /home/alex/.m2/repository/org/codehaus/mojo/build-helper-maven-plugin/1.7/build-helper-maven-plugin-1.7.jar
7f8be4045000-7f8be4046000 r--s 00000000 08:01 529000                     /usr/lib/android-sdk/tools/lib/androidprefs.jar
7f8be4046000-7f8be404b000 r--s 00047000 08:01 529083                     /usr/lib/android-sdk/tools/lib/sdklib.jar
7f8be404b000-7f8be404f000 r--s 0002f000 08:01 2367751                    /home/alex/.m2/repository/commons-lang/commons-lang/2.1/commons-lang-2.1.jar
7f8be404f000-7f8be4052000 r--s 0000c000 08:01 2367750                    /home/alex/.m2/repository/org/codehaus/plexus/plexus-io/2.0.2/plexus-io-2.0.2.jar
7f8be4052000-7f8be4057000 r--s 00029000 08:01 2367749                    /home/alex/.m2/repository/org/codehaus/plexus/plexus-archiver/2.1/plexus-archiver-2.1.jar
7f8be4057000-7f8be405a000 ---p 00000000 00:00 0 
7f8be405a000-7f8be4158000 rw-p 00000000 00:00 0 
7f8be4158000-7f8be415b000 ---p 00000000 00:00 0 
7f8be415b000-7f8be4259000 rw-p 00000000 00:00 0 
7f8be4259000-7f8be425c000 ---p 00000000 00:00 0 
7f8be425c000-7f8be435a000 rw-p 00000000 00:00 0 
7f8be435a000-7f8be435d000 ---p 00000000 00:00 0 
7f8be435d000-7f8be445b000 rw-p 00000000 00:00 0 
7f8be445b000-7f8be445e000 ---p 00000000 00:00 0 
7f8be445e000-7f8be455c000 rw-p 00000000 00:00 0 
7f8be455c000-7f8be4564000 r-xp 00000000 08:01 2517345                    /usr/lib/jvm/java-6-openjdk-amd64/jre/lib/amd64/libnio.so
7f8be4564000-7f8be4763000 ---p 00008000 08:01 2517345                    /usr/lib/jvm/java-6-openjdk-amd64/jre/lib/amd64/libnio.so
7f8be4763000-7f8be4764000 r--p 00007000 08:01 2517345                    /usr/lib/jvm/java-6-openjdk-amd64/jre/lib/amd64/libnio.so
7f8be4764000-7f8be4765000 rw-p 00008000 08:01 2517345                    /usr/lib/jvm/java-6-openjdk-amd64/jre/lib/amd64/libnio.so
7f8be4765000-7f8be477a000 r-xp 00000000 08:01 2517374                    /usr/lib/jvm/java-6-openjdk-amd64/jre/lib/amd64/libnet.so
7f8be477a000-7f8be4979000 ---p 00015000 08:01 2517374                    /usr/lib/jvm/java-6-openjdk-amd64/jre/lib/amd64/libnet.so
7f8be4979000-7f8be497a000 r--p 00014000 08:01 2517374                    /usr/lib/jvm/java-6-openjdk-amd64/jre/lib/amd64/libnet.so
7f8be497a000-7f8be497b000 rw-p 00015000 08:01 2517374                    /usr/lib/jvm/java-6-openjdk-amd64/jre/lib/amd64/libnet.so
7f8be497b000-7f8be497e000 ---p 00000000 00:00 0 
7f8be497e000-7f8be4a7c000 rw-p 00000000 00:00 0 
7f8be4a7c000-7f8be4a7f000 ---p 00000000 00:00 0 
7f8be4a7f000-7f8be4b7d000 rw-p 00000000 00:00 0 
7f8be4b7d000-7f8be4b7f000 r--s 00026000 08:01 395963                     /usr/lib/apache-maven-3.0.3/lib/maven-model-3.0.3.jar
7f8be4b7f000-7f8be4b86000 r--s 000fb000 08:01 2506814                    /usr/lib/jvm/java-6-openjdk-common/jre/lib/resources.jar
7f8be4b86000-7f8be4b89000 r--s 00008000 08:01 395962                     /usr/lib/apache-maven-3.0.3/lib/maven-settings-builder-3.0.3.jar
7f8be4b89000-7f8be4b8a000 r--s 00003000 08:01 395961                     /usr/lib/apache-maven-3.0.3/lib/aether-spi-1.11.jar
7f8be4b8a000-7f8be4b90000 r--s 00033000 08:01 395960                     /usr/lib/apache-maven-3.0.3/lib/sisu-inject-bean-2.1.1.jar
7f8be4b90000-7f8be4b92000 r--s 00006000 08:01 395959                     /usr/lib/apache-maven-3.0.3/lib/aether-connector-wagon-1.11.jar
7f8be4b92000-7f8be4b94000 r--s 0000d000 08:01 395958                     /usr/lib/apache-maven-3.0.3/lib/plexus-interpolation-1.14.jar
7f8be4b94000-7f8be4b98000 r--s 0001a000 08:01 395957                     /usr/lib/apache-maven-3.0.3/lib/aether-util-1.11.jar
7f8be4b98000-7f8be4b9b000 r--s 0001c000 08:01 395956                     /usr/lib/apache-maven-3.0.3/lib/aether-impl-1.11.jar
7f8be4b9b000-7f8be4b9f000 r--s 00012000 08:01 395955                     /usr/lib/apache-maven-3.0.3/lib/aether-api-1.11.jar
7f8be4b9f000-7f8be4ba0000 r--s 00006000 08:01 395954                     /usr/lib/apache-maven-3.0.3/lib/plexus-sec-dispatcher-1.3.jar
7f8be4ba0000-7f8be4bab000 r--s 0007d000 08:01 395953                     /usr/lib/apache-maven-3.0.3/lib/maven-core-3.0.3.jar
7f8be4bab000-7f8be4bac000 r--s 00003000 08:01 395952                     /usr/lib/apache-maven-3.0.3/lib/wagon-http-lightweight-1.0-beta-7.jar
7f8be4bac000-7f8be4bae000 r--s 00009000 08:01 395951                     /usr/lib/apache-maven-3.0.3/lib/commons-cli-1.2.jar
7f8be4bae000-7f8be4bb1000 r--s 00019000 08:01 395950                     /usr/lib/apache-maven-3.0.3/lib/nekohtml-1.9.6.2.jar
7f8be4bb1000-7f8be4bb3000 r--s 00005000 08:01 395949                     /usr/lib/apache-maven-3.0.3/lib/wagon-http-shared-1.0-beta-7.jar
7f8be4bb3000-7f8be4bb7000 r--s 00033000 08:01 395946                     /usr/lib/apache-maven-3.0.3/lib/plexus-utils-2.0.6.jar
7f8be4bb7000-7f8be4bb9000 r--s 0000c000 08:01 395945                     /usr/lib/apache-maven-3.0.3/lib/maven-aether-provider-3.0.3.jar
7f8be4bb9000-7f8be4bbb000 r--s 00006000 08:01 395944                     /usr/lib/apache-maven-3.0.3/lib/maven-repository-metadata-3.0.3.jar
7f8be4bbb000-7f8be4bbd000 r--s 0000a000 08:01 395943                     /usr/lib/apache-maven-3.0.3/lib/maven-settings-3.0.3.jar
7f8be4bbd000-7f8be4bbf000 r--s 00002000 08:01 395942                     /usr/lib/apache-maven-3.0.3/lib/plexus-cipher-1.4.jar
7f8be4bbf000-7f8be4bc1000 r--s 0000b000 08:01 395941                     /usr/lib/apache-maven-3.0.3/lib/maven-artifact-3.0.3.jar
7f8be4bc1000-7f8be4bc2000 r--s 00002000 08:01 395940                     /usr/lib/apache-maven-3.0.3/lib/wagon-file-1.0-beta-7.jar
7f8be4bc2000-7f8be4bc7000 r--s 00020000 08:01 395939                     /usr/lib/apache-maven-3.0.3/lib/maven-model-builder-3.0.3.jar
7f8be4bc7000-7f8be4bc9000 r--s 0000b000 08:01 395938                     /usr/lib/apache-maven-3.0.3/lib/maven-plugin-api-3.0.3.jar
7f8be4bc9000-7f8be4bcb000 r--s 00000000 08:01 395937                     /usr/lib/apache-maven-3.0.3/lib/plexus-component-annotations-1.5.5.jar
7f8be4bcb000-7f8be4bcd000 r--s 0000b000 08:01 395936                     /usr/lib/apache-maven-3.0.3/lib/wagon-provider-api-1.0-beta-7.jar
7f8be4bcd000-7f8be4bd9000 r--s 0006b000 08:01 395935                     /usr/lib/apache-maven-3.0.3/lib/sisu-guice-2.9.4-no_aop.jar
7f8be4bd9000-7f8be4bdf000 r--s 0002a000 08:01 395934                     /usr/lib/apache-maven-3.0.3/lib/sisu-inject-plexus-2.1.1.jar
7f8be4bdf000-7f8be4be5000 r--s 0003f000 08:01 395933                     /usr/lib/apache-maven-3.0.3/lib/maven-compat-3.0.3.jar
7f8be4be5000-7f8be4be7000 r--s 00008000 08:01 395932                     /usr/lib/apache-maven-3.0.3/lib/xercesMinimal-1.9.6.2.jar
7f8be4be7000-7f8be4be8000 r--s 0000a000 08:01 395931                     /usr/lib/apache-maven-3.0.3/lib/maven-embedder-3.0.3.jar
7f8be4be8000-7f8be4beb000 r--s 0007d000 08:01 2506799                    /usr/lib/jvm/java-6-openjdk-common/jre/lib/jsse.jar
7f8be4beb000-7f8be4bed000 r--s 0000a000 08:01 395927                     /usr/lib/apache-maven-3.0.3/boot/plexus-classworlds-2.4.jar
7f8be4bed000-7f8be4bef000 r--s 0000f000 08:01 2506765                    /usr/lib/jvm/java-6-openjdk-common/jre/lib/ext/pulse-java.jar
7f8be4bef000-7f8be4bf2000 r--s 00077000 08:01 2506763                    /usr/lib/jvm/java-6-openjdk-common/jre/lib/ext/localedata.jar
7f8be4bf2000-7f8be4bf5000 r--s 00031000 08:01 2506764                    /usr/lib/jvm/java-6-openjdk-common/jre/lib/ext/sunjce_provider.jar
7f8be4bf5000-7f8be4bf6000 r--s 00007000 08:01 1970628                    /usr/share/java/java-atk-wrapper.jar
7f8be4bf6000-7f8be4bfa000 r--s 00038000 08:01 2506754                    /usr/lib/jvm/java-6-openjdk-common/jre/lib/ext/sunpkcs11.jar
7f8be4bfa000-7f8be4bfc000 r--s 00001000 08:01 2506762                    /usr/lib/jvm/java-6-openjdk-common/jre/lib/ext/dnsns.jar
7f8be4bfc000-7f8be4bfd000 ---p 00000000 00:00 0 
7f8be4bfd000-7f8be4cfd000 rw-p 00000000 00:00 0 
7f8be4cfd000-7f8be4d00000 ---p 00000000 00:00 0 
7f8be4d00000-7f8be4dfe000 rw-p 00000000 00:00 0 
7f8be4dfe000-7f8be4e01000 ---p 00000000 00:00 0 
7f8be4e01000-7f8be4eff000 rw-p 00000000 00:00 0 
7f8be4eff000-7f8be4f02000 ---p 00000000 00:00 0 
7f8be4f02000-7f8be5000000 rw-p 00000000 00:00 0 
7f8be5000000-7f8be53a0000 rwxp 00000000 00:00 0 
7f8be53a0000-7f8be8961000 rw-p 00000000 00:00 0 
7f8be8961000-7f8bec000000 ---p 00000000 00:00 0 
7f8bec000000-7f8bec001000 r--s 00004000 08:01 2368076                    /home/alex/.m2/repository/org/apache/maven/maven-archiver/2.4.1/maven-archiver-2.4.1.jar
7f8bec001000-7f8bec002000 r--s 00005000 08:01 2238750                    /home/alex/.m2/repository/org/apache/maven/plugins/maven-source-plugin/2.1.2/maven-source-plugin-2.1.2.jar
7f8bec002000-7f8bec004000 r--s 0000d000 08:01 2367748                    /home/alex/.m2/repository/org/codehaus/plexus/plexus-interpolation/1.15/plexus-interpolation-1.15.jar
7f8bec004000-7f8bec006000 r--s 00004000 08:01 2367747                    /home/alex/.m2/repository/org/apache/maven/maven-archiver/2.5/maven-archiver-2.5.jar
7f8bec006000-7f8bec008000 r--s 00007000 08:01 2238729                    /home/alex/.m2/repository/org/apache/maven/plugins/maven-jar-plugin/2.4/maven-jar-plugin-2.4.jar
7f8bec008000-7f8bec009000 r--s 00002000 08:01 2367927                    /home/alex/.m2/repository/org/apache/maven/reporting/maven-reporting-api/2.0.9/maven-reporting-api-2.0.9.jar
7f8bec009000-7f8bec00b000 r--s 00006000 08:01 2367928                    /home/alex/.m2/repository/org/apache/maven/shared/maven-common-artifact-filters/1.3/maven-common-artifact-filters-1.3.jar
7f8bec00b000-7f8bec00f000 r--s 00033000 08:01 2367929                    /home/alex/.m2/repository/org/apache/maven/surefire/maven-surefire-common/2.12/maven-surefire-common-2.12.jar
7f8bec00f000-7f8bec013000 r--s 0001b000 08:01 2367925                    /home/alex/.m2/repository/org/apache/maven/surefire/surefire-api/2.12/surefire-api-2.12.jar
7f8bec013000-7f8bec015000 r--s 00007000 08:01 2367926                    /home/alex/.m2/repository/org/apache/maven/surefire/surefire-booter/2.12/surefire-booter-2.12.jar
7f8bec015000-7f8bec016000 r--s 00007000 08:01 2238712                    /home/alex/.m2/repository/org/apache/maven/plugins/maven-surefire-plugin/2.12/maven-surefire-plugin-2.12.jar
7f8bec016000-7f8bec02a000 r--s 0012f000 08:01 2117393                    /home/alex/.m2/repository/org/apache/ant/ant/1.7.1/ant-1.7.1.jar
7f8bec02a000-7f8bec02b000 r--s 00002000 08:01 2117392                    /home/alex/.m2/repository/org/apache/ant/ant-launcher/1.7.1/ant-launcher-1.7.1.jar
7f8bec02b000-7f8bec030000 r--s 00039000 08:01 2368924                    /home/alex/.m2/repository/org/codehaus/plexus/plexus-utils/1.5.6/plexus-utils-1.5.6.jar
7f8bec030000-7f8bec031000 r--s 00005000 08:01 2238826                    /home/alex/.m2/repository/org/apache/maven/plugins/maven-antrun-plugin/1.3/maven-antrun-plugin-1.3.jar
7f8bec031000-7f8bec091000 r--s 00d92000 08:01 3806426                    /usr/lib/jvm/java-6-openjdk-amd64/lib/tools.jar
7f8bec091000-7f8bec093000 r--s 00002000 08:01 2239796                    /home/alex/.m2/repository/org/codehaus/plexus/plexus-compiler-javac/1.8.1/plexus-compiler-javac-1.8.1.jar
7f8bec093000-7f8bec095000 r--s 00000000 08:01 2239795                    /home/alex/.m2/repository/org/codehaus/plexus/plexus-compiler-manager/1.8.1/plexus-compiler-manager-1.8.1.jar
7f8bec095000-7f8bec096000 r--s 00004000 08:01 2239794                    /home/alex/.m2/repository/org/codehaus/plexus/plexus-compiler-api/1.8.1/plexus-compiler-api-1.8.1.jar
7f8bec096000-7f8bec098000 r--s 00006000 08:01 2238768                    /home/alex/.m2/repository/org/apache/maven/plugins/maven-compiler-plugin/2.3.2/maven-compiler-plugin-2.3.2.jar
7f8bec098000-7f8bec09b000 r--s 00027000 08:01 1445017                    /home/alex/.m2/repository/org/codehaus/plexus/plexus-utils/1.1/plexus-utils-1.1.jar
7f8bec09b000-7f8bec0a3000 r--s 000bf000 08:01 2117331                    /home/alex/.m2/repository/rhino/js/1.6R7/js-1.6R7.jar
7f8bec0a3000-7f8bec0a5000 r--s 00013000 08:01 2117328                    /home/alex/.m2/repository/com/yahoo/platform/yui/yuicompressor/2.4.6/yuicompressor-2.4.6.jar
7f8bec0a5000-7f8bec0a7000 r--s 00009000 08:01 2117192                    /home/alex/.m2/repository/net/alchim31/maven/yuicompressor-maven-plugin/1.3.0/yuicompressor-maven-plugin-1.3.0.jar
7f8bec0a7000-7f8bec0a9000 r--s 0000d000 08:01 2239841                    /home/alex/.m2/repository/org/codehaus/plexus/plexus-interpolation/1.13/plexus-interpolation-1.13.jar
7f8bec0a9000-7f8bec0aa000 r--s 00001000 08:01 2117168                    /home/alex/.m2/repository/org/sonatype/plexus/plexus-build-api/0.0.4/plexus-build-api-0.0.4.jar
7f8bec0aa000-7f8bec0ac000 r--s 00009000 08:01 2239840                    /home/alex/.m2/repository/org/apache/maven/shared/maven-filtering/1.0/maven-filtering-1.0.jar
7f8bec0ac000-7f8bec0ae000 r--s 00002000 08:01 2239839                    /home/alex/.m2/repository/org/codehaus/plexus/plexus-interactivity-api/1.0-alpha-4/plexus-interactivity-api-1.0-alpha-4.jar
7f8bec0ae000-7f8bec0b0000 r--s 00006000 08:01 2239838                    /home/alex/.m2/repository/commons-cli/commons-cli/1.0/commons-cli-1.0.jar
7f8bec0b0000-7f8bec0b1000 r--s 00001000 08:01 2239837                    /home/alex/.m2/repository/org/apache/maven/doxia/doxia-sink-api/1.0-alpha-7/doxia-sink-api-1.0-alpha-7.jar
7f8bec0b1000-7f8bec0b2000 r--s 00002000 08:01 2239836                    /home/alex/.m2/repository/org/apache/maven/reporting/maven-reporting-api/2.0.6/maven-reporting-api-2.0.6.jar
7f8bec0b2000-7f8bec0b4000 r--s 00005000 08:01 2238683                    /home/alex/.m2/repository/org/apache/maven/plugins/maven-resources-plugin/2.5/maven-resources-plugin-2.5.jar
7f8bec0b4000-7f8bec0b8000 r--s 00033000 08:01 2117159                    /home/alex/.m2/repository/org/codehaus/plexus/plexus-utils/2.0.5/plexus-utils-2.0.5.jar
7f8bec0b8000-7f8bec0bc000 r--s 0001b000 08:01 2238641                    /home/alex/.m2/repository/org/sonatype/aether/aether-util/1.12/aether-util-1.12.jar
7f8bec0bc000-7f8bec0c1000 r--s 00041000 08:01 2238638                    /home/alex/.m2/repository/commons-lang/commons-lang/2.6/commons-lang-2.6.jar
7f8bec0c1000-7f8bec0c3000 r--s 0000a000 08:01 2367794                    /home/alex/.m2/repository/org/ow2/asm/asm/4.0/asm-4.0.jar
7f8bec0c3000-7f8bec0c6000 r--s 00024000 08:01 2238634                    /home/alex/.m2/repository/commons-io/commons-io/2.0.1/commons-io-2.0.1.jar
7f8bec0c6000-7f8bec0cc000 r--s 00044000 08:01 2238633                    /home/alex/.m2/repository/commons-jxpath/commons-jxpath/1.3/commons-jxpath-1.3.jar
7f8bec0cc000-7f8bec0d0000 r--s 00034000 08:01 2238630                    /home/alex/.m2/repository/org/codehaus/plexus/plexus-utils/3.0/plexus-utils-3.0.jar
7f8bec0d0000-7f8bec0d3000 ---p 00000000 00:00 0 
7f8bec0d3000-7f8bec1d1000 rw-p 00000000 00:00 0 
7f8bec1d1000-7f8bec722000 r--p 00000000 08:01 1443617                    /usr/lib/locale/locale-archive
7f8bec722000-7f8bec725000 ---p 00000000 00:00 0 
7f8bec725000-7f8bec823000 rw-p 00000000 00:00 0 
7f8bec823000-7f8bec826000 ---p 00000000 00:00 0 
7f8bec826000-7f8bec924000 rw-p 00000000 00:00 0 
7f8bec924000-7f8bec925000 ---p 00000000 00:00 0 
7f8bec925000-7f8becd5b000 rw-p 00000000 00:00 0 
7f8becd5b000-7f8beceeb000 r--s 037ba000 08:01 2517333                    /usr/lib/jvm/java-6-openjdk-amd64/jre/lib/rt.jar
7f8beceeb000-7f8becf13000 rw-p 00000000 00:00 0 
7f8becf13000-7f8becf14000 ---p 00000000 00:00 0 
7f8becf14000-7f8bed014000 rw-p 00000000 00:00 0 
7f8bed014000-7f8bed015000 ---p 00000000 00:00 0 
7f8bed015000-7f8bed12c000 rw-p 00000000 00:00 0 
7f8bed12c000-7f8bed168000 rw-p 00000000 00:00 0 
7f8bed168000-7f8bed186000 rw-p 00000000 00:00 0 
7f8bed186000-7f8bed2b2000 rw-p 00000000 00:00 0 
7f8bed2b2000-7f8bed2c9000 rw-p 00000000 00:00 0 
7f8bed2c9000-7f8bed305000 rw-p 00000000 00:00 0 
7f8bed305000-7f8bed323000 rw-p 00000000 00:00 0 
7f8bed323000-7f8bed44f000 rw-p 00000000 00:00 0 
7f8bed44f000-7f8bed4b0000 rw-p 00000000 00:00 0 
7f8bed4b0000-7f8bed4ba000 ---p 00000000 00:00 0 
7f8bed4ba000-7f8bed4f4000 rw-p 00000000 00:00 0 
7f8bed4f4000-7f8bed4f5000 rw-p 00000000 00:00 0 
7f8bed4f5000-7f8bed4fc000 r-xp 00000000 08:01 2517346                    /usr/lib/jvm/java-6-openjdk-amd64/jre/lib/amd64/libzip.so
7f8bed4fc000-7f8bed6fb000 ---p 00007000 08:01 2517346                    /usr/lib/jvm/java-6-openjdk-amd64/jre/lib/amd64/libzip.so
7f8bed6fb000-7f8bed6fc000 r--p 00006000 08:01 2517346                    /usr/lib/jvm/java-6-openjdk-amd64/jre/lib/amd64/libzip.so
7f8bed6fc000-7f8bed6fd000 rw-p 00007000 08:01 2517346                    /usr/lib/jvm/java-6-openjdk-amd64/jre/lib/amd64/libzip.so
7f8bed6fd000-7f8bed709000 r-xp 00000000 08:01 1846671                    /lib/x86_64-linux-gnu/libnss_files-2.15.so
7f8bed709000-7f8bed908000 ---p 0000c000 08:01 1846671                    /lib/x86_64-linux-gnu/libnss_files-2.15.so
7f8bed908000-7f8bed909000 r--p 0000b000 08:01 1846671                    /lib/x86_64-linux-gnu/libnss_files-2.15.so
7f8bed909000-7f8bed90a000 rw-p 0000c000 08:01 1846671                    /lib/x86_64-linux-gnu/libnss_files-2.15.so
7f8bed90a000-7f8bed914000 r-xp 00000000 08:01 1846672                    /lib/x86_64-linux-gnu/libnss_nis-2.15.so
7f8bed914000-7f8bedb14000 ---p 0000a000 08:01 1846672                    /lib/x86_64-linux-gnu/libnss_nis-2.15.so
7f8bedb14000-7f8bedb15000 r--p 0000a000 08:01 1846672                    /lib/x86_64-linux-gnu/libnss_nis-2.15.so
7f8bedb15000-7f8bedb16000 rw-p 0000b000 08:01 1846672                    /lib/x86_64-linux-gnu/libnss_nis-2.15.so
7f8bedb16000-7f8bedb2d000 r-xp 00000000 08:01 1842577                    /lib/x86_64-linux-gnu/libnsl-2.15.so
7f8bedb2d000-7f8bedd2c000 ---p 00017000 08:01 1842577                    /lib/x86_64-linux-gnu/libnsl-2.15.so
7f8bedd2c000-7f8bedd2d000 r--p 00016000 08:01 1842577                    /lib/x86_64-linux-gnu/libnsl-2.15.so
7f8bedd2d000-7f8bedd2e000 rw-p 00017000 08:01 1842577                    /lib/x86_64-linux-gnu/libnsl-2.15.so
7f8bedd2e000-7f8bedd30000 rw-p 00000000 00:00 0 
7f8bedd30000-7f8bedd38000 r-xp 00000000 08:01 1846674                    /lib/x86_64-linux-gnu/libnss_compat-2.15.so
7f8bedd38000-7f8bedf37000 ---p 00008000 08:01 1846674                    /lib/x86_64-linux-gnu/libnss_compat-2.15.so
7f8bedf37000-7f8bedf38000 r--p 00007000 08:01 1846674                    /lib/x86_64-linux-gnu/libnss_compat-2.15.so
7f8bedf38000-7f8bedf39000 rw-p 00008000 08:01 1846674                    /lib/x86_64-linux-gnu/libnss_compat-2.15.so
7f8bedf39000-7f8bedf65000 r-xp 00000000 08:01 2517341                    /usr/lib/jvm/java-6-openjdk-amd64/jre/lib/amd64/libjava.so
7f8bedf65000-7f8bee164000 ---p 0002c000 08:01 2517341                    /usr/lib/jvm/java-6-openjdk-amd64/jre/lib/amd64/libjava.so
7f8bee164000-7f8bee165000 r--p 0002b000 08:01 2517341                    /usr/lib/jvm/java-6-openjdk-amd64/jre/lib/amd64/libjava.so
7f8bee165000-7f8bee168000 rw-p 0002c000 08:01 2517341                    /usr/lib/jvm/java-6-openjdk-amd64/jre/lib/amd64/libjava.so
7f8bee168000-7f8bee176000 r-xp 00000000 08:01 2517366                    /usr/lib/jvm/java-6-openjdk-amd64/jre/lib/amd64/libverify.so
7f8bee176000-7f8bee375000 ---p 0000e000 08:01 2517366                    /usr/lib/jvm/java-6-openjdk-amd64/jre/lib/amd64/libverify.so
7f8bee375000-7f8bee377000 r--p 0000d000 08:01 2517366                    /usr/lib/jvm/java-6-openjdk-amd64/jre/lib/amd64/libverify.so
7f8bee377000-7f8bee378000 rw-p 0000f000 08:01 2517366                    /usr/lib/jvm/java-6-openjdk-amd64/jre/lib/amd64/libverify.so
7f8bee378000-7f8bee37f000 r-xp 00000000 08:01 1842581                    /lib/x86_64-linux-gnu/librt-2.15.so
7f8bee37f000-7f8bee57e000 ---p 00007000 08:01 1842581                    /lib/x86_64-linux-gnu/librt-2.15.so
7f8bee57e000-7f8bee57f000 r--p 00006000 08:01 1842581                    /lib/x86_64-linux-gnu/librt-2.15.so
7f8bee57f000-7f8bee580000 rw-p 00007000 08:01 1842581                    /lib/x86_64-linux-gnu/librt-2.15.so
7f8bee580000-7f8bee595000 r-xp 00000000 08:01 1835049                    /lib/x86_64-linux-gnu/libgcc_s.so.1
7f8bee595000-7f8bee794000 ---p 00015000 08:01 1835049                    /lib/x86_64-linux-gnu/libgcc_s.so.1
7f8bee794000-7f8bee795000 r--p 00014000 08:01 1835049                    /lib/x86_64-linux-gnu/libgcc_s.so.1
7f8bee795000-7f8bee796000 rw-p 00015000 08:01 1835049                    /lib/x86_64-linux-gnu/libgcc_s.so.1
7f8bee796000-7f8bee88f000 r-xp 00000000 08:01 1838890                    /lib/x86_64-linux-gnu/libm-2.15.so
7f8bee88f000-7f8beea8e000 ---p 000f9000 08:01 1838890                    /lib/x86_64-linux-gnu/libm-2.15.so
7f8beea8e000-7f8beea8f000 r--p 000f8000 08:01 1838890                    /lib/x86_64-linux-gnu/libm-2.15.so
7f8beea8f000-7f8beea90000 rw-p 000f9000 08:01 1838890                    /lib/x86_64-linux-gnu/libm-2.15.so
7f8beea90000-7f8beeb72000 r-xp 00000000 08:01 1442677                    /usr/lib/x86_64-linux-gnu/libstdc++.so.6.0.16
7f8beeb72000-7f8beed71000 ---p 000e2000 08:01 1442677                    /usr/lib/x86_64-linux-gnu/libstdc++.so.6.0.16
7f8beed71000-7f8beed79000 r--p 000e1000 08:01 1442677                    /usr/lib/x86_64-linux-gnu/libstdc++.so.6.0.16
7f8beed79000-7f8beed7b000 rw-p 000e9000 08:01 1442677                    /usr/lib/x86_64-linux-gnu/libstdc++.so.6.0.16
7f8beed7b000-7f8beed90000 rw-p 00000000 00:00 0 
7f8beed90000-7f8bef694000 r-xp 00000000 08:01 2517357                    /usr/lib/jvm/java-6-openjdk-amd64/jre/lib/amd64/server/libjvm.so
7f8bef694000-7f8bef893000 ---p 00904000 08:01 2517357                    /usr/lib/jvm/java-6-openjdk-amd64/jre/lib/amd64/server/libjvm.so
7f8bef893000-7f8bef914000 r--p 00903000 08:01 2517357                    /usr/lib/jvm/java-6-openjdk-amd64/jre/lib/amd64/server/libjvm.so
7f8bef914000-7f8bef92f000 rw-p 00984000 08:01 2517357                    /usr/lib/jvm/java-6-openjdk-amd64/jre/lib/amd64/server/libjvm.so
7f8bef92f000-7f8bef958000 rw-p 00000000 00:00 0 
7f8bef958000-7f8bef96e000 r-xp 00000000 08:01 1838854                    /lib/x86_64-linux-gnu/libz.so.1.2.3.4
7f8bef96e000-7f8befb6d000 ---p 00016000 08:01 1838854                    /lib/x86_64-linux-gnu/libz.so.1.2.3.4
7f8befb6d000-7f8befb6e000 r--p 00015000 08:01 1838854                    /lib/x86_64-linux-gnu/libz.so.1.2.3.4
7f8befb6e000-7f8befb6f000 rw-p 00016000 08:01 1838854                    /lib/x86_64-linux-gnu/libz.so.1.2.3.4
7f8befb6f000-7f8befd22000 r-xp 00000000 08:01 1839403                    /lib/x86_64-linux-gnu/libc-2.15.so
7f8befd22000-7f8beff21000 ---p 001b3000 08:01 1839403                    /lib/x86_64-linux-gnu/libc-2.15.so
7f8beff21000-7f8beff25000 r--p 001b2000 08:01 1839403                    /lib/x86_64-linux-gnu/libc-2.15.so
7f8beff25000-7f8beff27000 rw-p 001b6000 08:01 1839403                    /lib/x86_64-linux-gnu/libc-2.15.so
7f8beff27000-7f8beff2c000 rw-p 00000000 00:00 0 
7f8beff2c000-7f8beff2e000 r-xp 00000000 08:01 1847489                    /lib/x86_64-linux-gnu/libdl-2.15.so
7f8beff2e000-7f8bf012e000 ---p 00002000 08:01 1847489                    /lib/x86_64-linux-gnu/libdl-2.15.so
7f8bf012e000-7f8bf012f000 r--p 00002000 08:01 1847489                    /lib/x86_64-linux-gnu/libdl-2.15.so
7f8bf012f000-7f8bf0130000 rw-p 00003000 08:01 1847489                    /lib/x86_64-linux-gnu/libdl-2.15.so
7f8bf0130000-7f8bf0134000 r-xp 00000000 08:01 2517350                    /usr/lib/jvm/java-6-openjdk-amd64/jre/lib/amd64/jli/libjli.so
7f8bf0134000-7f8bf0333000 ---p 00004000 08:01 2517350                    /usr/lib/jvm/java-6-openjdk-amd64/jre/lib/amd64/jli/libjli.so
7f8bf0333000-7f8bf0334000 r--p 00003000 08:01 2517350                    /usr/lib/jvm/java-6-openjdk-amd64/jre/lib/amd64/jli/libjli.so
7f8bf0334000-7f8bf0335000 rw-p 00004000 08:01 2517350                    /usr/lib/jvm/java-6-openjdk-amd64/jre/lib/amd64/jli/libjli.so
7f8bf0335000-7f8bf034d000 r-xp 00000000 08:01 1847493                    /lib/x86_64-linux-gnu/libpthread-2.15.so
7f8bf034d000-7f8bf054c000 ---p 00018000 08:01 1847493                    /lib/x86_64-linux-gnu/libpthread-2.15.so
7f8bf054c000-7f8bf054d000 r--p 00017000 08:01 1847493                    /lib/x86_64-linux-gnu/libpthread-2.15.so
7f8bf054d000-7f8bf054e000 rw-p 00018000 08:01 1847493                    /lib/x86_64-linux-gnu/libpthread-2.15.so
7f8bf054e000-7f8bf0552000 rw-p 00000000 00:00 0 
7f8bf0552000-7f8bf0574000 r-xp 00000000 08:01 1839405                    /lib/x86_64-linux-gnu/ld-2.15.so
7f8bf0574000-7f8bf0575000 r--s 00005000 08:01 2238783                    /home/alex/.m2/repository/org/apache/maven/plugins/maven-clean-plugin/2.4.1/maven-clean-plugin-2.4.1.jar
7f8bf0575000-7f8bf0578000 r--s 0000c000 08:01 2238628                    /home/alex/.m2/repository/org/codehaus/plexus/plexus-io/2.0.1/plexus-io-2.0.1.jar
7f8bf0578000-7f8bf057b000 r--s 0001b000 08:01 2238627                    /home/alex/.m2/repository/junit/junit/3.8.1/junit-3.8.1.jar
7f8bf057b000-7f8bf057f000 r--s 00028000 08:01 2238625                    /home/alex/.m2/repository/org/codehaus/plexus/plexus-archiver/2.0.1/plexus-archiver-2.0.1.jar
7f8bf057f000-7f8bf0581000 r--s 00002000 08:01 2238622                    /home/alex/.m2/repository/org/sonatype/plexus/plexus-cipher/1.4/plexus-cipher-1.4.jar
7f8bf0581000-7f8bf058d000 r--s 0006b000 08:01 2117120                    /home/alex/.m2/repository/org/sonatype/sisu/sisu-guice/2.9.4/sisu-guice-2.9.4-no_aop.jar
7f8bf058d000-7f8bf059c000 rw-p 00000000 00:00 0 
7f8bf059c000-7f8bf064d000 rw-p 00000000 00:00 0 
7f8bf064d000-7f8bf0650000 ---p 00000000 00:00 0 
7f8bf0650000-7f8bf0753000 rw-p 00000000 00:00 0 
7f8bf0753000-7f8bf0754000 r--s 00004000 08:01 2238623                    /home/alex/.m2/repository/org/apache/maven/maven-archiver/2.4.2/maven-archiver-2.4.2.jar
7f8bf0754000-7f8bf0755000 r--s 00006000 08:01 2117125                    /home/alex/.m2/repository/org/sonatype/plexus/plexus-sec-dispatcher/1.3/plexus-sec-dispatcher-1.3.jar
7f8bf0755000-7f8bf0757000 r--s 00000000 08:01 2117123                    /home/alex/.m2/repository/org/codehaus/plexus/plexus-component-annotations/1.5.5/plexus-component-annotations-1.5.5.jar
7f8bf0757000-7f8bf0759000 r--s 0000d000 08:01 2117122                    /home/alex/.m2/repository/org/codehaus/plexus/plexus-interpolation/1.14/plexus-interpolation-1.14.jar
7f8bf0759000-7f8bf075f000 r--s 00033000 08:01 2117121                    /home/alex/.m2/repository/org/sonatype/sisu/sisu-inject-bean/2.1.1/sisu-inject-bean-2.1.1.jar
7f8bf075f000-7f8bf0763000 r--s 0002a000 08:01 2367793                    /home/alex/.m2/repository/com/android/ddmlib/ddmlib/r16/ddmlib-r16.jar
7f8bf0763000-7f8bf0767000 r--s 00032000 08:01 2367789                    /home/alex/.m2/repository/com/jayway/maven/plugins/android/generation2/android-maven-plugin/3.1.1/android-maven-plugin-3.1.1.jar
7f8bf0767000-7f8bf0768000 r--p 00000000 00:00 0 
7f8bf0768000-7f8bf0770000 rw-s 00000000 08:01 2360298                    /tmp/hsperfdata_alex/15195
7f8bf0770000-7f8bf0771000 rw-p 00000000 00:00 0 
7f8bf0771000-7f8bf0772000 r--p 00000000 00:00 0 
7f8bf0772000-7f8bf0774000 rw-p 00000000 00:00 0 
7f8bf0774000-7f8bf0775000 r--p 00022000 08:01 1839405                    /lib/x86_64-linux-gnu/ld-2.15.so
7f8bf0775000-7f8bf0777000 rw-p 00023000 08:01 1839405                    /lib/x86_64-linux-gnu/ld-2.15.so
7fff00289000-7fff002aa000 rw-p 00000000 00:00 0                          [stack]
7fff002ff000-7fff00300000 r-xp 00000000 00:00 0                          [vdso]
ffffffffff600000-ffffffffff601000 r-xp 00000000 00:00 0                  [vsyscall]

VM Arguments:
jvm_args: -Dclassworlds.conf=/usr/lib/apache-maven-3.0.3/bin/m2.conf -Dmaven.home=/usr/lib/apache-maven-3.0.3 
java_command: org.codehaus.plexus.classworlds.launcher.Launcher clean install android:deploy -Psign -Dandroid.sdk.path=/usr/lib/android-sdk
Launcher Type: SUN_STANDARD

Environment Variables:
JAVA_HOME=/usr/lib/jvm/java-6-openjdk-amd64
PATH=/usr/lib/lightdm/lightdm:/usr/local/sbin:/usr/local/bin:/usr/sbin:/usr/bin:/sbin:/bin:/usr/games:/usr/lib/jvm/java-6-sun-1.6.0.26:/usr/lib/jvm/java-6-sun-1.6.0.26/bin:/usr/lib/apache-ant-1.8.2/bin:/usr/lib/apache-maven-3.0.3/bin:/usr/lib/android-sdk/platform-tools:/usr/lib/android-sdk/tools:/var/lib/gems/1.9.1/bin:/home/alex/.gem/ruby/1.9.1/bin:
LD_LIBRARY_PATH=/usr/lib/jvm/java-6-openjdk-amd64/jre/lib/amd64/server:/usr/lib/jvm/java-6-openjdk-amd64/jre/lib/amd64:/usr/lib/jvm/java-6-openjdk-amd64/jre/../lib/amd64
SHELL=/bin/bash
DISPLAY=:0

Signal Handlers:
SIGSEGV: [libjvm.so+0x783f70], sa_mask[0]=0x7ffbfeff, sa_flags=0x10000004
SIGBUS: [libjvm.so+0x783f70], sa_mask[0]=0x7ffbfeff, sa_flags=0x10000004
SIGFPE: [libjvm.so+0x648640], sa_mask[0]=0x7ffbfeff, sa_flags=0x10000004
SIGPIPE: [libjvm.so+0x648640], sa_mask[0]=0x7ffbfeff, sa_flags=0x10000004
SIGXFSZ: [libjvm.so+0x648640], sa_mask[0]=0x7ffbfeff, sa_flags=0x10000004
SIGILL: [libjvm.so+0x648640], sa_mask[0]=0x7ffbfeff, sa_flags=0x10000004
SIGUSR1: SIG_DFL, sa_mask[0]=0x00000000, sa_flags=0x00000000
SIGUSR2: [libjvm.so+0x6487f0], sa_mask[0]=0x00000000, sa_flags=0x10000004
SIGHUP: [libjvm.so+0x64b310], sa_mask[0]=0x7ffbfeff, sa_flags=0x10000004
SIGINT: [libjvm.so+0x64b310], sa_mask[0]=0x7ffbfeff, sa_flags=0x10000004
SIGTERM: [libjvm.so+0x64b310], sa_mask[0]=0x7ffbfeff, sa_flags=0x10000004
SIGQUIT: [libjvm.so+0x64b310], sa_mask[0]=0x7ffbfeff, sa_flags=0x10000004


---------------  S Y S T E M  ---------------

OS:Ubuntu 12.04 (precise)
uname:Linux 3.2.0-23-generic #36-Ubuntu SMP Tue Apr 10 20:39:51 UTC 2012 x86_64
libc:glibc 2.15 NPTL 2.15 
rlimit: STACK 8192k, CORE 0k, NPROC 31499, NOFILE 4096, AS infinity
load average:1.68 1.35 1.35

/proc/meminfo:
MemTotal:        4049544 kB
MemFree:          560360 kB
Buffers:           98720 kB
Cached:           659676 kB
SwapCached:         4848 kB
Active:          1960964 kB
Inactive:        1293756 kB
Active(anon):    1741060 kB
Inactive(anon):   766236 kB
Active(file):     219904 kB
Inactive(file):   527520 kB
Unevictable:           0 kB
Mlocked:               0 kB
SwapTotal:       4881404 kB
SwapFree:        4810832 kB
Dirty:              6588 kB
Writeback:             0 kB
AnonPages:       2492116 kB
Mapped:           174920 kB
Shmem:             10776 kB
Slab:              97156 kB
SReclaimable:      63392 kB
SUnreclaim:        33764 kB
KernelStack:        4096 kB
PageTables:        37624 kB
NFS_Unstable:          0 kB
Bounce:                0 kB
WritebackTmp:          0 kB
CommitLimit:     6906176 kB
Committed_AS:    5207464 kB
VmallocTotal:   34359738367 kB
VmallocUsed:      318396 kB
VmallocChunk:   34359416316 kB
HardwareCorrupted:     0 kB
AnonHugePages:         0 kB
HugePages_Total:       0
HugePages_Free:        0
HugePages_Rsvd:        0
HugePages_Surp:        0
Hugepagesize:       2048 kB
DirectMap4k:      231040 kB
DirectMap2M:     3962880 kB


CPU:total 2 (2 cores per cpu, 1 threads per core) family 6 model 23 stepping 10, cmov, cx8, fxsr, mmx, sse, sse2, sse3, ssse3, sse4.1

Memory: 4k page, physical 4049544k(560360k free), swap 4881404k(4810832k free)

vm_info: OpenJDK 64-Bit Server VM (20.0-b12) for linux-amd64 JRE (1.6.0_24-b24), built on Apr 12 2012 23:58:42 by "buildd" with gcc 4.6.3

time: Sun Apr 22 23:00:16 2012
elapsed time: 28 seconds

